#-----------------------------------------------------------
# Vivado v2020.2 (64-bit)
# SW Build 3064766 on Wed Nov 18 09:12:45 MST 2020
# IP Build 3064653 on Wed Nov 18 14:17:31 MST 2020
# Start of session at: Sat Jan 20 08:17:06 2024
# Process ID: 23708
# Current directory: D:/Vivado/_Bai_tap/CSTT/UART_TX_rut_gon_2020_2
# Command line: vivado.exe -gui_launcher_event rodinguilauncherevent26636 D:\Vivado\_Bai_tap\CSTT\UART_TX_rut_gon_2020_2\UART_TX_rut_gon_2020_2.xpr
# Log file: D:/Vivado/_Bai_tap/CSTT/UART_TX_rut_gon_2020_2/vivado.log
# Journal file: D:/Vivado/_Bai_tap/CSTT/UART_TX_rut_gon_2020_2\vivado.jou
#-----------------------------------------------------------
start_gui
open_project D:/Vivado/_Bai_tap/CSTT/UART_TX_rut_gon_2020_2/UART_TX_rut_gon_2020_2.xpr
Scanning sources...
Finished scanning sources
INFO: [IP_Flow 19-234] Refreshing IP repositories
INFO: [IP_Flow 19-1704] No user IP repositories specified
INFO: [IP_Flow 19-2313] Loaded Vivado IP repository 'C:/Xilinx/Vivado/2020.2/data/ip'.
open_project: Time (s): cpu = 00:00:26 ; elapsed = 00:00:20 . Memory (MB): peak = 1163.027 ; gain = 0.000
update_compile_order -fileset sources_1
open_bd_design {D:/Vivado/_Bai_tap/CSTT/UART_TX_rut_gon_2020_2/UART_TX_rut_gon_2020_2.srcs/sources_1/bd/design_1/design_1.bd}
Reading block design file <D:/Vivado/_Bai_tap/CSTT/UART_TX_rut_gon_2020_2/UART_TX_rut_gon_2020_2.srcs/sources_1/bd/design_1/design_1.bd>...
Adding component instance block -- xilinx.com:ip:ila:6.2 - ila_0
INFO: [xilinx.com:ip:ila:6.2-6] /ila_0: Xilinx recommends using the System ILA IP in IP Integrator. The System ILA IP is functionally equivalent to an ILA and offers additional benefits in debugging interfaces both within IP Integrator and the Hardware Manager. Consult the Programming and Debug User Guide UG908 for further details.
Adding component instance block -- xilinx.com:ip:vio:3.0 - vio_0
Adding component instance block -- xilinx.com:module_ref:connect_UART_TX:1.0 - connect_UART_TX_0
Adding component instance block -- xilinx.com:module_ref:connect_UART_TX:1.0 - connect_UART_TX_1
Successfully read diagram <design_1> from block design file <D:/Vivado/_Bai_tap/CSTT/UART_TX_rut_gon_2020_2/UART_TX_rut_gon_2020_2.srcs/sources_1/bd/design_1/design_1.bd>
open_bd_design: Time (s): cpu = 00:00:09 ; elapsed = 00:00:10 . Memory (MB): peak = 1278.320 ; gain = 104.754
regenerate_bd_layout
delete_bd_objs [get_bd_cells connect_UART_TX_1]
regenerate_bd_layout
save_bd_design
Wrote  : <D:\Vivado\_Bai_tap\CSTT\UART_TX_rut_gon_2020_2\UART_TX_rut_gon_2020_2.srcs\sources_1\bd\design_1\design_1.bd> 
Wrote  : <D:/Vivado/_Bai_tap/CSTT/UART_TX_rut_gon_2020_2/UART_TX_rut_gon_2020_2.srcs/sources_1/bd/design_1/ui/bd_1f5defd0.ui> 
launch_simulation
Command: launch_simulation 
INFO: [Vivado 12-5698] Checking validity of IPs in the design for the 'XSim' simulator...
INFO: [Vivado 12-5682] Launching behavioral simulation in 'D:/Vivado/_Bai_tap/CSTT/UART_TX_rut_gon_2020_2/UART_TX_rut_gon_2020_2.sim/sim_1/behav/xsim'
INFO: [Vivado 12-4795] Using compiled simulation libraries for IPs
INFO: [SIM-utils-51] Simulation object is 'sim_1'
INFO: [USF-XSim-7] Finding pre-compiled libraries...
INFO: [USF-XSim-11] File 'C:/Xilinx/Vivado/2020.2/data/xsim/xsim.ini' copied to run dir:'D:/Vivado/_Bai_tap/CSTT/UART_TX_rut_gon_2020_2/UART_TX_rut_gon_2020_2.sim/sim_1/behav/xsim'
INFO: [SIM-utils-54] Inspecting design source files for 'tb_FSM_TX' in fileset 'sim_1'...
WARNING: [SIM-utils-52] IP component XML file does not exist: 'd:/Vivado/_Bai_tap/CSTT/UART_TX_rut_gon_2020_2/UART_TX_rut_gon_2020_2.gen/sources_1/bd/design_1/ip/design_1_connect_UART_TX_0_1/design_1_connect_UART_TX_0_1.xml'
INFO: [USF-XSim-97] Finding global include files...
INFO: [USF-XSim-98] Fetching design files from 'sim_1'...
INFO: [USF-XSim-2] XSim::Compile design
INFO: [USF-XSim-61] Executing 'COMPILE and ANALYZE' step in 'D:/Vivado/_Bai_tap/CSTT/UART_TX_rut_gon_2020_2/UART_TX_rut_gon_2020_2.sim/sim_1/behav/xsim'
"xvhdl --incr --relax -prj tb_FSM_TX_vhdl.prj"
INFO: [USF-XSim-69] 'compile' step finished in '2' seconds
INFO: [USF-XSim-3] XSim::Elaborate design
INFO: [USF-XSim-61] Executing 'ELABORATE' step in 'D:/Vivado/_Bai_tap/CSTT/UART_TX_rut_gon_2020_2/UART_TX_rut_gon_2020_2.sim/sim_1/behav/xsim'
"xelab -wto f36304528f404e49ba247e1251dd6cca --incr --debug typical --relax --mt 2 -L xil_defaultlib -L secureip -L xpm --snapshot tb_FSM_TX_behav xil_defaultlib.tb_FSM_TX -log elaborate.log"
Vivado Simulator 2020.2
Copyright 1986-1999, 2001-2020 Xilinx, Inc. All Rights Reserved.
Running: C:/Xilinx/Vivado/2020.2/bin/unwrapped/win64.o/xelab.exe -wto f36304528f404e49ba247e1251dd6cca --incr --debug typical --relax --mt 2 -L xil_defaultlib -L secureip -L xpm --snapshot tb_FSM_TX_behav xil_defaultlib.tb_FSM_TX -log elaborate.log 
Using 2 slave threads.
Starting static elaboration
Completed static elaboration
INFO: [XSIM 43-4323] No Change in HDL. Linking previously generated obj files to create kernel
INFO: [USF-XSim-69] 'elaborate' step finished in '2' seconds
INFO: [USF-XSim-4] XSim::Simulate design
INFO: [USF-XSim-61] Executing 'SIMULATE' step in 'D:/Vivado/_Bai_tap/CSTT/UART_TX_rut_gon_2020_2/UART_TX_rut_gon_2020_2.sim/sim_1/behav/xsim'
INFO: [USF-XSim-98] *** Running xsim
   with args "tb_FSM_TX_behav -key {Behavioral:sim_1:Functional:tb_FSM_TX} -tclbatch {tb_FSM_TX.tcl} -protoinst "protoinst_files/design_1.protoinst" -log {simulate.log}"
INFO: [USF-XSim-8] Loading simulator feature
Vivado Simulator 2020.2
INFO: [Wavedata 42-565] Reading protoinst file protoinst_files/design_1.protoinst
WARNING: [Wavedata 42-558] Couldn't load one or more protocol instances from protoinst file protoinst_files/design_1.protoinst for the following reason(s):
There are no instances of module "design_1" in the design.

Time resolution is 1 ps
source tb_FSM_TX.tcl
# set curr_wave [current_wave_config]
# if { [string length $curr_wave] == 0 } {
#   if { [llength [get_objects]] > 0} {
#     add_wave /
#     set_property needs_save false [current_wave_config]
#   } else {
#      send_msg_id Add_Wave-1 WARNING "No top level signals found. Simulator will start without a wave window. If you want to open a wave window go to 'File->New Waveform Configuration' or type 'create_wave_config' in the TCL console."
#   }
# }
# run 1000ns
xsim: Time (s): cpu = 00:00:04 ; elapsed = 00:00:05 . Memory (MB): peak = 1300.102 ; gain = 12.984
INFO: [USF-XSim-96] XSim completed. Design snapshot 'tb_FSM_TX_behav' loaded.
INFO: [USF-XSim-97] XSim simulation ran for 1000ns
launch_simulation: Time (s): cpu = 00:00:06 ; elapsed = 00:00:16 . Memory (MB): peak = 1300.102 ; gain = 21.379
open_hw_manager
connect_hw_server -allow_non_jtag
INFO: [Labtools 27-2285] Connecting to hw_server url TCP:localhost:3121
INFO: [Labtools 27-3415] Connecting to cs_server url TCP:localhost:3042
INFO: [Labtools 27-3414] Connected to existing cs_server.
open_hw_target
INFO: [Labtoolstcl 44-466] Opening hw_target localhost:3121/xilinx_tcf/Digilent/210319788822A
open_hw_target: Time (s): cpu = 00:00:04 ; elapsed = 00:00:06 . Memory (MB): peak = 2862.285 ; gain = 1554.156
set_property PROGRAM.FILE {D:/Vivado/_Bai_tap/CSTT/UART_TX_rut_gon_2020_2/UART_TX_rut_gon_2020_2.runs/impl_1/design_1_wrapper.bit} [get_hw_devices xc7a35t_0]
set_property PROBES.FILE {D:/Vivado/_Bai_tap/CSTT/UART_TX_rut_gon_2020_2/UART_TX_rut_gon_2020_2.runs/impl_1/design_1_wrapper.ltx} [get_hw_devices xc7a35t_0]
set_property FULL_PROBES.FILE {D:/Vivado/_Bai_tap/CSTT/UART_TX_rut_gon_2020_2/UART_TX_rut_gon_2020_2.runs/impl_1/design_1_wrapper.ltx} [get_hw_devices xc7a35t_0]
current_hw_device [get_hw_devices xc7a35t_0]
refresh_hw_device [lindex [get_hw_devices xc7a35t_0] 0]
INFO: [Labtools 27-1434] Device xc7a35t (JTAG device index = 0) is programmed with a design that has no supported debug core(s) in it.
WARNING: [Labtools 27-3361] The debug hub core was not detected.
Resolution: 
1. Make sure the clock connected to the debug hub (dbg_hub) core is a free running clock and is active.
2. Make sure the BSCAN_SWITCH_USER_MASK device property in Vivado Hardware Manager reflects the user scan chain setting in the design and refresh the device.  To determine the user scan chain setting in the design, open the implemented design and use 'get_property C_USER_SCAN_CHAIN [get_debug_cores dbg_hub]'.
For more details on setting the scan chain property, consult the Vivado Debug and Programming User Guide (UG908).
WARNING: [Labtools 27-3413] Dropping logic core with cellname:'design_1_i/vio_0' at location 'uuid_01A4B5947C445FA6BD66F70F5F031273' from probes file, since it cannot be found on the programmed device.
WARNING: [Labtools 27-3413] Dropping logic core with cellname:'design_1_i/ila_0' at location 'uuid_BE177176557E59FEACE2FE04795A2B22' from probes file, since it cannot be found on the programmed device.
set_property PROBES.FILE {D:/Vivado/_Bai_tap/CSTT/UART_TX_rut_gon_2020_2/UART_TX_rut_gon_2020_2.runs/impl_1/design_1_wrapper.ltx} [get_hw_devices xc7a35t_0]
set_property FULL_PROBES.FILE {D:/Vivado/_Bai_tap/CSTT/UART_TX_rut_gon_2020_2/UART_TX_rut_gon_2020_2.runs/impl_1/design_1_wrapper.ltx} [get_hw_devices xc7a35t_0]
set_property PROGRAM.FILE {D:/Vivado/_Bai_tap/CSTT/UART_TX_rut_gon_2020_2/UART_TX_rut_gon_2020_2.runs/impl_1/design_1_wrapper.bit} [get_hw_devices xc7a35t_0]
program_hw_devices [get_hw_devices xc7a35t_0]
INFO: [Labtools 27-3164] End of startup status: HIGH
refresh_hw_device [lindex [get_hw_devices xc7a35t_0] 0]
INFO: [Labtools 27-2302] Device xc7a35t (JTAG device index = 0) is programmed with a design that has 1 ILA core(s).
INFO: [Labtools 27-2302] Device xc7a35t (JTAG device index = 0) is programmed with a design that has 1 VIO core(s).
WARNING: [Labtools 27-1952] VIO hw_probe OUTPUT_VALUE properties for hw_vio(s) [hw_vio_1] differ from output values in the VIO core(s).
Resolution: 
To synchronize the hw_probes properties and the VIO core outputs choose one of the following alternatives:
  1) Execute the command 'Commit Output Values to VIO Core', to write down the hw_probe values to the core.
  2) Execute the command 'Refresh Input and Output Values from VIO Core', to update the hw_probe properties with the core values.
  3) First restore initial values in the core with the command 'Reset VIO Core Outputs', and then execute the command 'Refresh Input and Output Values from VIO Core'.
refresh_hw_device: Time (s): cpu = 00:00:07 ; elapsed = 00:00:06 . Memory (MB): peak = 2923.441 ; gain = 42.941
display_hw_ila_data [ get_hw_ila_data hw_ila_data_1 -of_objects [get_hw_ilas -of_objects [get_hw_devices xc7a35t_0] -filter {CELL_NAME=~"design_1_i/ila_0"}]]
run_hw_ila [get_hw_ilas -of_objects [get_hw_devices xc7a35t_0] -filter {CELL_NAME=~"design_1_i/ila_0"}]
INFO: [Labtools 27-1964] The ILA core 'hw_ila_1' trigger was armed at 2024-Jan-20 09:13:57
wait_on_hw_ila [get_hw_ilas -of_objects [get_hw_devices xc7a35t_0] -filter {CELL_NAME=~"design_1_i/ila_0"}]
display_hw_ila_data [upload_hw_ila_data [get_hw_ilas -of_objects [get_hw_devices xc7a35t_0] -filter {CELL_NAME=~"design_1_i/ila_0"}]]
INFO: [Labtools 27-1966] The ILA core 'hw_ila_1' triggered at 2024-Jan-20 09:13:57
INFO: [Labtools 27-3304] ILA Waveform data saved to file D:/Vivado/_Bai_tap/CSTT/UART_TX_rut_gon_2020_2/UART_TX_rut_gon_2020_2.hw/backup/hw_ila_data_1.ila. Use Tcl command 'read_hw_ila_data' or Vivado File->Import->Import ILA Data menu item to import the previously saved data.
startgroup
set_property OUTPUT_VALUE 0 [get_hw_probes design_1_i/tx_start_0_1 -of_objects [get_hw_vios -of_objects [get_hw_devices xc7a35t_0] -filter {CELL_NAME=~"design_1_i/vio_0"}]]
commit_hw_vio [get_hw_probes {design_1_i/tx_start_0_1} -of_objects [get_hw_vios -of_objects [get_hw_devices xc7a35t_0] -filter {CELL_NAME=~"design_1_i/vio_0"}]]
endgroup
startgroup
set_property OUTPUT_VALUE 1 [get_hw_probes design_1_i/tx_start_0_1 -of_objects [get_hw_vios -of_objects [get_hw_devices xc7a35t_0] -filter {CELL_NAME=~"design_1_i/vio_0"}]]
commit_hw_vio [get_hw_probes {design_1_i/tx_start_0_1} -of_objects [get_hw_vios -of_objects [get_hw_devices xc7a35t_0] -filter {CELL_NAME=~"design_1_i/vio_0"}]]
endgroup
save_wave_config {D:/Vivado/_Bai_tap/CSTT/UART_TX_rut_gon_2020_2/UART_TX_rut_gon_2020_2.hw/hw_1/wave/hw_ila_data_1/hw_ila_data_1.wcfg}
close_hw_manager
close_sim
INFO: [Simtcl 6-16] Simulation closed
exit
INFO: [Common 17-206] Exiting Vivado at Sat Jan 20 13:43:07 2024...
