#-----------------------------------------------------------
# Vivado v2020.2 (64-bit)
# SW Build 3064766 on Wed Nov 18 09:12:45 MST 2020
# IP Build 3064653 on Wed Nov 18 14:17:31 MST 2020
# Start of session at: Fri May 31 17:03:39 2024
# Process ID: 20628
# Current directory: D:/Vivado/_Bai_tap/CSTT/UART_TX_rut_gon_2020_2
# Command line: vivado.exe -gui_launcher_event rodinguilauncherevent21820 D:\Vivado\_Bai_tap\CSTT\UART_TX_rut_gon_2020_2\UART_TX_rut_gon_2020_2.xpr
# Log file: D:/Vivado/_Bai_tap/CSTT/UART_TX_rut_gon_2020_2/vivado.log
# Journal file: D:/Vivado/_Bai_tap/CSTT/UART_TX_rut_gon_2020_2\vivado.jou
#-----------------------------------------------------------
start_gui
open_project D:/Vivado/_Bai_tap/CSTT/UART_TX_rut_gon_2020_2/UART_TX_rut_gon_2020_2.xpr
Scanning sources...
Finished scanning sources
INFO: [IP_Flow 19-234] Refreshing IP repositories
INFO: [IP_Flow 19-1704] No user IP repositories specified
INFO: [IP_Flow 19-2313] Loaded Vivado IP repository 'C:/Xilinx/Vivado/2020.2/data/ip'.
open_project: Time (s): cpu = 00:00:12 ; elapsed = 00:00:12 . Memory (MB): peak = 1175.738 ; gain = 13.188
update_compile_order -fileset sources_1
launch_simulation -mode post-synthesis -type timing
Command: launch_simulation -mode post-synthesis -type timing
INFO: [Vivado 12-5698] Checking validity of IPs in the design for the 'XSim' simulator...
INFO: [Vivado 12-5682] Launching post-synthesis timing simulation in 'D:/Vivado/_Bai_tap/CSTT/UART_TX_rut_gon_2020_2/UART_TX_rut_gon_2020_2.sim/sim_1/synth/timing/xsim'
INFO: [Vivado 12-4795] Using compiled simulation libraries for IPs
INFO: [SIM-utils-51] Simulation object is 'sim_1'
Design is defaulting to impl run constrset: constrs_1
Design is defaulting to synth run part: xc7a35ticsg324-1L
INFO: [Device 21-403] Loading part xc7a35ticsg324-1L
Netlist sorting complete. Time (s): cpu = 00:00:00 ; elapsed = 00:00:00 . Memory (MB): peak = 1443.617 ; gain = 0.000
INFO: [Project 1-479] Netlist was created with Vivado 2020.2
INFO: [Project 1-570] Preparing netlist for logic optimization
Parsing XDC File [D:/Vivado/_Bai_tap/CSTT/UART_TX_rut_gon_2020_2/UART_TX_rut_gon_2020_2.srcs/constrs_1/new/constraints.xdc]
WARNING: [Vivado 12-750] There are no ChipScope debug cores in this design. [D:/Vivado/_Bai_tap/CSTT/UART_TX_rut_gon_2020_2/UART_TX_rut_gon_2020_2.srcs/constrs_1/new/constraints.xdc:25]
CRITICAL WARNING: [Common 17-55] 'set_property' expects at least one object. [D:/Vivado/_Bai_tap/CSTT/UART_TX_rut_gon_2020_2/UART_TX_rut_gon_2020_2.srcs/constrs_1/new/constraints.xdc:25]
Resolution: If [get_<value>] was used to populate the object, check to make sure this command returns at least one valid object.
WARNING: [Vivado 12-750] There are no ChipScope debug cores in this design. [D:/Vivado/_Bai_tap/CSTT/UART_TX_rut_gon_2020_2/UART_TX_rut_gon_2020_2.srcs/constrs_1/new/constraints.xdc:26]
CRITICAL WARNING: [Common 17-55] 'set_property' expects at least one object. [D:/Vivado/_Bai_tap/CSTT/UART_TX_rut_gon_2020_2/UART_TX_rut_gon_2020_2.srcs/constrs_1/new/constraints.xdc:26]
Resolution: If [get_<value>] was used to populate the object, check to make sure this command returns at least one valid object.
WARNING: [Vivado 12-750] There are no ChipScope debug cores in this design. [D:/Vivado/_Bai_tap/CSTT/UART_TX_rut_gon_2020_2/UART_TX_rut_gon_2020_2.srcs/constrs_1/new/constraints.xdc:27]
CRITICAL WARNING: [Common 17-55] 'set_property' expects at least one object. [D:/Vivado/_Bai_tap/CSTT/UART_TX_rut_gon_2020_2/UART_TX_rut_gon_2020_2.srcs/constrs_1/new/constraints.xdc:27]
Resolution: If [get_<value>] was used to populate the object, check to make sure this command returns at least one valid object.
CRITICAL WARNING: [Vivado 12-1419] Debug core 'dbg_hub' was not found. [D:/Vivado/_Bai_tap/CSTT/UART_TX_rut_gon_2020_2/UART_TX_rut_gon_2020_2.srcs/constrs_1/new/constraints.xdc:28]
Finished Parsing XDC File [D:/Vivado/_Bai_tap/CSTT/UART_TX_rut_gon_2020_2/UART_TX_rut_gon_2020_2.srcs/constrs_1/new/constraints.xdc]
INFO: [Opt 31-138] Pushed 0 inverter(s) to 0 load pin(s).
CRITICAL WARNING: [Project 1-486] Could not resolve non-primitive black box cell 'design_1_connect_UART_TX_0_0' instantiated as 'design_1_i/connect_UART_TX_0' [d:/Vivado/_Bai_tap/CSTT/UART_TX_rut_gon_2020_2/UART_TX_rut_gon_2020_2.gen/sources_1/bd/design_1/synth/design_1.v:33]
CRITICAL WARNING: [Project 1-486] Could not resolve non-primitive black box cell 'design_1_ila_0_0' instantiated as 'design_1_i/ila_0' [d:/Vivado/_Bai_tap/CSTT/UART_TX_rut_gon_2020_2/UART_TX_rut_gon_2020_2.gen/sources_1/bd/design_1/synth/design_1.v:39]
CRITICAL WARNING: [Project 1-486] Could not resolve non-primitive black box cell 'design_1_vio_0_0' instantiated as 'design_1_i/vio_0' [d:/Vivado/_Bai_tap/CSTT/UART_TX_rut_gon_2020_2/UART_TX_rut_gon_2020_2.gen/sources_1/bd/design_1/synth/design_1.v:45]
Netlist sorting complete. Time (s): cpu = 00:00:00 ; elapsed = 00:00:00 . Memory (MB): peak = 1509.551 ; gain = 0.000
INFO: [Project 1-111] Unisim Transformation Summary:
No Unisim elements were transformed.

open_run: Time (s): cpu = 00:00:15 ; elapsed = 00:00:12 . Memory (MB): peak = 1659.480 ; gain = 483.742
INFO: [SIM-utils-24] Writing simulation netlist file for design 'synth_1'...
INFO: [SIM-utils-25] write_verilog -mode timesim -nolib -sdf_anno true -force -file "D:/Vivado/_Bai_tap/CSTT/UART_TX_rut_gon_2020_2/UART_TX_rut_gon_2020_2.sim/sim_1/synth/timing/xsim/tb_FSM_TX_time_synth.v"
write_verilog: Time (s): cpu = 00:00:05 ; elapsed = 00:00:06 . Memory (MB): peak = 1720.824 ; gain = 46.422
INFO: [SIM-utils-27] Writing SDF file...
INFO: [SIM-utils-28] write_sdf -mode timesim -process_corner slow -force -file "D:/Vivado/_Bai_tap/CSTT/UART_TX_rut_gon_2020_2/UART_TX_rut_gon_2020_2.sim/sim_1/synth/timing/xsim/tb_FSM_TX_time_synth.sdf"
INFO: [SIM-utils-36] Netlist generated:D:/Vivado/_Bai_tap/CSTT/UART_TX_rut_gon_2020_2/UART_TX_rut_gon_2020_2.sim/sim_1/synth/timing/xsim/tb_FSM_TX_time_synth.v
INFO: [SIM-utils-37] SDF generated:D:/Vivado/_Bai_tap/CSTT/UART_TX_rut_gon_2020_2/UART_TX_rut_gon_2020_2.sim/sim_1/synth/timing/xsim/tb_FSM_TX_time_synth.sdf
INFO: [USF-XSim-7] Finding pre-compiled libraries...
INFO: [USF-XSim-11] File 'C:/Xilinx/Vivado/2020.2/data/xsim/xsim.ini' copied to run dir:'D:/Vivado/_Bai_tap/CSTT/UART_TX_rut_gon_2020_2/UART_TX_rut_gon_2020_2.sim/sim_1/synth/timing/xsim'
INFO: [SIM-utils-54] Inspecting design source files for 'tb_FSM_TX' in fileset 'sim_1'...
INFO: [USF-XSim-2] XSim::Compile design
INFO: [USF-XSim-61] Executing 'COMPILE and ANALYZE' step in 'D:/Vivado/_Bai_tap/CSTT/UART_TX_rut_gon_2020_2/UART_TX_rut_gon_2020_2.sim/sim_1/synth/timing/xsim'
"xvlog --incr --relax -prj tb_FSM_TX_vlog.prj"
INFO: [VRFC 10-2263] Analyzing Verilog file "D:/Vivado/_Bai_tap/CSTT/UART_TX_rut_gon_2020_2/UART_TX_rut_gon_2020_2.sim/sim_1/synth/timing/xsim/tb_FSM_TX_time_synth.v" into library xil_defaultlib
INFO: [VRFC 10-311] analyzing module design_1
INFO: [VRFC 10-311] analyzing module design_1_connect_UART_TX_0_0
INFO: [VRFC 10-311] analyzing module design_1_ila_0_0
INFO: [VRFC 10-311] analyzing module design_1_vio_0_0
INFO: [VRFC 10-311] analyzing module design_1_wrapper
INFO: [VRFC 10-311] analyzing module glbl
"xvhdl --incr --relax -prj tb_FSM_TX_vhdl.prj"
INFO: [VRFC 10-163] Analyzing VHDL file "D:/Vivado/_Bai_tap/CSTT/UART_TX_rut_gon_2020_2/UART_TX_rut_gon_2020_2.srcs/sources_1/new/FSM_TX.vhd" into library xil_defaultlib
INFO: [VRFC 10-3107] analyzing entity 'FSM_TX'
INFO: [VRFC 10-163] Analyzing VHDL file "D:/Vivado/_Bai_tap/CSTT/UART_TX_rut_gon_2020_2/UART_TX_rut_gon_2020_2.srcs/sources_1/new/counter.vhd" into library xil_defaultlib
INFO: [VRFC 10-3107] analyzing entity 'counter'
INFO: [VRFC 10-163] Analyzing VHDL file "D:/Vivado/_Bai_tap/CSTT/UART_TX_rut_gon_2020_2/UART_TX_rut_gon_2020_2.srcs/sim_1/new/tb_FSM_TX.vhd" into library xil_defaultlib
INFO: [VRFC 10-3107] analyzing entity 'tb_FSM_TX'
INFO: [USF-XSim-69] 'compile' step finished in '3' seconds
INFO: [USF-XSim-3] XSim::Elaborate design
INFO: [USF-XSim-61] Executing 'ELABORATE' step in 'D:/Vivado/_Bai_tap/CSTT/UART_TX_rut_gon_2020_2/UART_TX_rut_gon_2020_2.sim/sim_1/synth/timing/xsim'
"xelab -wto f36304528f404e49ba247e1251dd6cca --incr --debug typical --relax --mt 2 --maxdelay -L xil_defaultlib -L simprims_ver -L secureip --snapshot tb_FSM_TX_time_synth -transport_int_delays -pulse_r 0 -pulse_int_r 0 -pulse_e 0 -pulse_int_e 0 xil_defaultlib.tb_FSM_TX xil_defaultlib.glbl -log elaborate.log"
Vivado Simulator 2020.2
Copyright 1986-1999, 2001-2020 Xilinx, Inc. All Rights Reserved.
Running: C:/Xilinx/Vivado/2020.2/bin/unwrapped/win64.o/xelab.exe -wto f36304528f404e49ba247e1251dd6cca --incr --debug typical --relax --mt 2 --maxdelay -L xil_defaultlib -L simprims_ver -L secureip --snapshot tb_FSM_TX_time_synth -transport_int_delays -pulse_r 0 -pulse_int_r 0 -pulse_e 0 -pulse_int_e 0 xil_defaultlib.tb_FSM_TX xil_defaultlib.glbl -log elaborate.log 
Using 2 slave threads.
Starting static elaboration
Pass Through NonSizing Optimizer
Completed static elaboration
Starting simulation data flow analysis
Completed simulation data flow analysis
Time Resolution for simulation is 1ps
Compiling package std.standard
Compiling package std.textio
Compiling package ieee.std_logic_1164
Compiling package ieee.std_logic_arith
Compiling package ieee.std_logic_unsigned
Compiling module xil_defaultlib.glbl
Compiling architecture behavioral of entity xil_defaultlib.counter [counter_default]
Compiling architecture behavioral of entity xil_defaultlib.FSM_TX [fsm_tx_default]
Compiling architecture behavioral of entity xil_defaultlib.tb_fsm_tx
Built simulation snapshot tb_FSM_TX_time_synth

****** Webtalk v2020.2 (64-bit)
  **** SW Build 3064766 on Wed Nov 18 09:12:45 MST 2020
  **** IP Build 3064653 on Wed Nov 18 14:17:31 MST 2020
    ** Copyright 1986-2020 Xilinx, Inc. All Rights Reserved.

source D:/Vivado/_Bai_tap/CSTT/UART_TX_rut_gon_2020_2/UART_TX_rut_gon_2020_2.sim/sim_1/synth/timing/xsim/xsim.dir/tb_FSM_TX_time_synth/webtalk/xsim_webtalk.tcl -notrace
INFO: [Common 17-206] Exiting Webtalk at Fri May 31 17:06:26 2024...
INFO: [USF-XSim-69] 'elaborate' step finished in '4' seconds
INFO: [USF-XSim-4] XSim::Simulate design
INFO: [USF-XSim-61] Executing 'SIMULATE' step in 'D:/Vivado/_Bai_tap/CSTT/UART_TX_rut_gon_2020_2/UART_TX_rut_gon_2020_2.sim/sim_1/synth/timing/xsim'
INFO: [USF-XSim-98] *** Running xsim
   with args "tb_FSM_TX_time_synth -key {Post-Synthesis:sim_1:Timing:tb_FSM_TX} -tclbatch {tb_FSM_TX.tcl} -protoinst "protoinst_files/design_1.protoinst" -log {simulate.log}"
INFO: [USF-XSim-8] Loading simulator feature
Vivado Simulator 2020.2
INFO: [Wavedata 42-565] Reading protoinst file protoinst_files/design_1.protoinst
WARNING: [Wavedata 42-558] Couldn't load one or more protocol instances from protoinst file protoinst_files/design_1.protoinst for the following reason(s):
There are no instances of module "design_1" in the design.

Time resolution is 1 ps
source tb_FSM_TX.tcl
# set curr_wave [current_wave_config]
# if { [string length $curr_wave] == 0 } {
#   if { [llength [get_objects]] > 0} {
#     add_wave /
#     set_property needs_save false [current_wave_config]
#   } else {
#      send_msg_id Add_Wave-1 WARNING "No top level signals found. Simulator will start without a wave window. If you want to open a wave window go to 'File->New Waveform Configuration' or type 'create_wave_config' in the TCL console."
#   }
# }
# run 1000ns
xsim: Time (s): cpu = 00:00:06 ; elapsed = 00:00:05 . Memory (MB): peak = 2157.469 ; gain = 55.363
INFO: [USF-XSim-96] XSim completed. Design snapshot 'tb_FSM_TX_time_synth' loaded.
INFO: [USF-XSim-97] XSim simulation ran for 1000ns
launch_simulation: Time (s): cpu = 00:00:32 ; elapsed = 00:00:36 . Memory (MB): peak = 2157.469 ; gain = 981.730
launch_simulation
Command: launch_simulation 
INFO: [Vivado 12-5698] Checking validity of IPs in the design for the 'XSim' simulator...
INFO: [Vivado 12-5682] Launching behavioral simulation in 'D:/Vivado/_Bai_tap/CSTT/UART_TX_rut_gon_2020_2/UART_TX_rut_gon_2020_2.sim/sim_1/behav/xsim'
INFO: [Vivado 12-4795] Using compiled simulation libraries for IPs
INFO: [SIM-utils-51] Simulation object is 'sim_1'
INFO: [USF-XSim-7] Finding pre-compiled libraries...
INFO: [USF-XSim-11] File 'C:/Xilinx/Vivado/2020.2/data/xsim/xsim.ini' copied to run dir:'D:/Vivado/_Bai_tap/CSTT/UART_TX_rut_gon_2020_2/UART_TX_rut_gon_2020_2.sim/sim_1/behav/xsim'
INFO: [SIM-utils-54] Inspecting design source files for 'tb_FSM_TX' in fileset 'sim_1'...
INFO: [USF-XSim-97] Finding global include files...
INFO: [USF-XSim-98] Fetching design files from 'sim_1'...
INFO: [USF-XSim-2] XSim::Compile design
INFO: [USF-XSim-61] Executing 'COMPILE and ANALYZE' step in 'D:/Vivado/_Bai_tap/CSTT/UART_TX_rut_gon_2020_2/UART_TX_rut_gon_2020_2.sim/sim_1/behav/xsim'
"xvhdl --incr --relax -prj tb_FSM_TX_vhdl.prj"
INFO: [USF-XSim-69] 'compile' step finished in '1' seconds
INFO: [USF-XSim-3] XSim::Elaborate design
INFO: [USF-XSim-61] Executing 'ELABORATE' step in 'D:/Vivado/_Bai_tap/CSTT/UART_TX_rut_gon_2020_2/UART_TX_rut_gon_2020_2.sim/sim_1/behav/xsim'
"xelab -wto f36304528f404e49ba247e1251dd6cca --incr --debug typical --relax --mt 2 -L xil_defaultlib -L secureip -L xpm --snapshot tb_FSM_TX_behav xil_defaultlib.tb_FSM_TX -log elaborate.log"
Vivado Simulator 2020.2
Copyright 1986-1999, 2001-2020 Xilinx, Inc. All Rights Reserved.
Running: C:/Xilinx/Vivado/2020.2/bin/unwrapped/win64.o/xelab.exe -wto f36304528f404e49ba247e1251dd6cca --incr --debug typical --relax --mt 2 -L xil_defaultlib -L secureip -L xpm --snapshot tb_FSM_TX_behav xil_defaultlib.tb_FSM_TX -log elaborate.log 
Using 2 slave threads.
Starting static elaboration
Completed static elaboration
INFO: [XSIM 43-4323] No Change in HDL. Linking previously generated obj files to create kernel
INFO: [USF-XSim-69] 'elaborate' step finished in '2' seconds
INFO: [USF-XSim-4] XSim::Simulate design
INFO: [USF-XSim-61] Executing 'SIMULATE' step in 'D:/Vivado/_Bai_tap/CSTT/UART_TX_rut_gon_2020_2/UART_TX_rut_gon_2020_2.sim/sim_1/behav/xsim'
INFO: [USF-XSim-98] *** Running xsim
   with args "tb_FSM_TX_behav -key {Behavioral:sim_1:Functional:tb_FSM_TX} -tclbatch {tb_FSM_TX.tcl} -protoinst "protoinst_files/design_1.protoinst" -log {simulate.log}"
INFO: [USF-XSim-8] Loading simulator feature
Vivado Simulator 2020.2
INFO: [Wavedata 42-565] Reading protoinst file protoinst_files/design_1.protoinst
WARNING: [Wavedata 42-558] Couldn't load one or more protocol instances from protoinst file protoinst_files/design_1.protoinst for the following reason(s):
There are no instances of module "design_1" in the design.

Time resolution is 1 ps
source tb_FSM_TX.tcl
# set curr_wave [current_wave_config]
# if { [string length $curr_wave] == 0 } {
#   if { [llength [get_objects]] > 0} {
#     add_wave /
#     set_property needs_save false [current_wave_config]
#   } else {
#      send_msg_id Add_Wave-1 WARNING "No top level signals found. Simulator will start without a wave window. If you want to open a wave window go to 'File->New Waveform Configuration' or type 'create_wave_config' in the TCL console."
#   }
# }
# run 1000ns
INFO: [USF-XSim-96] XSim completed. Design snapshot 'tb_FSM_TX_behav' loaded.
INFO: [USF-XSim-97] XSim simulation ran for 1000ns
launch_simulation: Time (s): cpu = 00:00:04 ; elapsed = 00:00:08 . Memory (MB): peak = 2305.957 ; gain = 9.395
set_property top connect_UART_TX [get_filesets sim_1]
set_property top_lib xil_defaultlib [get_filesets sim_1]
set_property top_arch Behavioral [get_filesets sim_1]
set_property top_file D:/Vivado/_Bai_tap/CSTT/UART_TX_rut_gon_2020_2/UART_TX_rut_gon_2020_2.srcs/sources_1/new/connect_UART_TX.vhd [get_filesets sim_1]
close_sim
INFO: [Simtcl 6-16] Simulation closed
close_sim
INFO: [Simtcl 6-16] Simulation closed
update_compile_order -fileset sim_1
launch_simulation
Command: launch_simulation 
INFO: [Vivado 12-5698] Checking validity of IPs in the design for the 'XSim' simulator...
INFO: [Vivado 12-5682] Launching behavioral simulation in 'D:/Vivado/_Bai_tap/CSTT/UART_TX_rut_gon_2020_2/UART_TX_rut_gon_2020_2.sim/sim_1/behav/xsim'
INFO: [Vivado 12-4795] Using compiled simulation libraries for IPs
INFO: [SIM-utils-51] Simulation object is 'sim_1'
INFO: [USF-XSim-7] Finding pre-compiled libraries...
INFO: [USF-XSim-11] File 'C:/Xilinx/Vivado/2020.2/data/xsim/xsim.ini' copied to run dir:'D:/Vivado/_Bai_tap/CSTT/UART_TX_rut_gon_2020_2/UART_TX_rut_gon_2020_2.sim/sim_1/behav/xsim'
INFO: [SIM-utils-54] Inspecting design source files for 'connect_UART_TX' in fileset 'sim_1'...
INFO: [USF-XSim-97] Finding global include files...
INFO: [USF-XSim-98] Fetching design files from 'sim_1'...
INFO: [USF-XSim-2] XSim::Compile design
INFO: [USF-XSim-61] Executing 'COMPILE and ANALYZE' step in 'D:/Vivado/_Bai_tap/CSTT/UART_TX_rut_gon_2020_2/UART_TX_rut_gon_2020_2.sim/sim_1/behav/xsim'
"xvhdl --incr --relax -prj connect_UART_TX_vhdl.prj"
INFO: [VRFC 10-163] Analyzing VHDL file "D:/Vivado/_Bai_tap/CSTT/UART_TX_rut_gon_2020_2/UART_TX_rut_gon_2020_2.srcs/sources_1/new/connect_UART_TX.vhd" into library xil_defaultlib
INFO: [VRFC 10-3107] analyzing entity 'connect_UART_TX'
INFO: [USF-XSim-69] 'compile' step finished in '2' seconds
INFO: [USF-XSim-3] XSim::Elaborate design
INFO: [USF-XSim-61] Executing 'ELABORATE' step in 'D:/Vivado/_Bai_tap/CSTT/UART_TX_rut_gon_2020_2/UART_TX_rut_gon_2020_2.sim/sim_1/behav/xsim'
"xelab -wto f36304528f404e49ba247e1251dd6cca --incr --debug typical --relax --mt 2 -L xil_defaultlib -L secureip -L xpm --snapshot connect_UART_TX_behav xil_defaultlib.connect_UART_TX -log elaborate.log"
Vivado Simulator 2020.2
Copyright 1986-1999, 2001-2020 Xilinx, Inc. All Rights Reserved.
Running: C:/Xilinx/Vivado/2020.2/bin/unwrapped/win64.o/xelab.exe -wto f36304528f404e49ba247e1251dd6cca --incr --debug typical --relax --mt 2 -L xil_defaultlib -L secureip -L xpm --snapshot connect_UART_TX_behav xil_defaultlib.connect_UART_TX -log elaborate.log 
Using 2 slave threads.
Starting static elaboration
Completed static elaboration
Starting simulation data flow analysis
Completed simulation data flow analysis
Time Resolution for simulation is 1ps
Compiling package std.standard
Compiling package std.textio
Compiling package ieee.std_logic_1164
Compiling package ieee.std_logic_arith
Compiling package ieee.std_logic_unsigned
Compiling architecture behavioral of entity xil_defaultlib.freq_division [freq_division_default]
Compiling architecture behavioral of entity xil_defaultlib.counter [counter_default]
Compiling architecture behavioral of entity xil_defaultlib.FSM_TX [fsm_tx_default]
Compiling architecture behavioral of entity xil_defaultlib.connect_uart_tx
Built simulation snapshot connect_UART_TX_behav

****** Webtalk v2020.2 (64-bit)
  **** SW Build 3064766 on Wed Nov 18 09:12:45 MST 2020
  **** IP Build 3064653 on Wed Nov 18 14:17:31 MST 2020
    ** Copyright 1986-2020 Xilinx, Inc. All Rights Reserved.

source D:/Vivado/_Bai_tap/CSTT/UART_TX_rut_gon_2020_2/UART_TX_rut_gon_2020_2.sim/sim_1/behav/xsim/xsim.dir/connect_UART_TX_behav/webtalk/xsim_webtalk.tcl -notrace
INFO: [Common 17-206] Exiting Webtalk at Fri May 31 17:07:56 2024...
INFO: [USF-XSim-69] 'elaborate' step finished in '4' seconds
INFO: [USF-XSim-4] XSim::Simulate design
INFO: [USF-XSim-61] Executing 'SIMULATE' step in 'D:/Vivado/_Bai_tap/CSTT/UART_TX_rut_gon_2020_2/UART_TX_rut_gon_2020_2.sim/sim_1/behav/xsim'
INFO: [USF-XSim-98] *** Running xsim
   with args "connect_UART_TX_behav -key {Behavioral:sim_1:Functional:connect_UART_TX} -tclbatch {connect_UART_TX.tcl} -protoinst "protoinst_files/design_1.protoinst" -log {simulate.log}"
INFO: [USF-XSim-8] Loading simulator feature
Vivado Simulator 2020.2
INFO: [Wavedata 42-565] Reading protoinst file protoinst_files/design_1.protoinst
WARNING: [Wavedata 42-558] Couldn't load one or more protocol instances from protoinst file protoinst_files/design_1.protoinst for the following reason(s):
There are no instances of module "design_1" in the design.

Time resolution is 1 ps
source connect_UART_TX.tcl
# set curr_wave [current_wave_config]
# if { [string length $curr_wave] == 0 } {
#   if { [llength [get_objects]] > 0} {
#     add_wave /
#     set_property needs_save false [current_wave_config]
#   } else {
#      send_msg_id Add_Wave-1 WARNING "No top level signals found. Simulator will start without a wave window. If you want to open a wave window go to 'File->New Waveform Configuration' or type 'create_wave_config' in the TCL console."
#   }
# }
# run 1000ns
INFO: [USF-XSim-96] XSim completed. Design snapshot 'connect_UART_TX_behav' loaded.
INFO: [USF-XSim-97] XSim simulation ran for 1000ns
launch_simulation: Time (s): cpu = 00:00:05 ; elapsed = 00:00:12 . Memory (MB): peak = 2307.051 ; gain = 0.000
close_sim
INFO: [Simtcl 6-16] Simulation closed
launch_simulation
Command: launch_simulation 
INFO: [Vivado 12-5698] Checking validity of IPs in the design for the 'XSim' simulator...
INFO: [Vivado 12-5682] Launching behavioral simulation in 'D:/Vivado/_Bai_tap/CSTT/UART_TX_rut_gon_2020_2/UART_TX_rut_gon_2020_2.sim/sim_1/behav/xsim'
INFO: [Vivado 12-4795] Using compiled simulation libraries for IPs
INFO: [SIM-utils-51] Simulation object is 'sim_1'
INFO: [USF-XSim-7] Finding pre-compiled libraries...
INFO: [USF-XSim-11] File 'C:/Xilinx/Vivado/2020.2/data/xsim/xsim.ini' copied to run dir:'D:/Vivado/_Bai_tap/CSTT/UART_TX_rut_gon_2020_2/UART_TX_rut_gon_2020_2.sim/sim_1/behav/xsim'
INFO: [SIM-utils-54] Inspecting design source files for 'connect_UART_TX' in fileset 'sim_1'...
INFO: [USF-XSim-97] Finding global include files...
INFO: [USF-XSim-98] Fetching design files from 'sim_1'...
INFO: [USF-XSim-2] XSim::Compile design
INFO: [USF-XSim-61] Executing 'COMPILE and ANALYZE' step in 'D:/Vivado/_Bai_tap/CSTT/UART_TX_rut_gon_2020_2/UART_TX_rut_gon_2020_2.sim/sim_1/behav/xsim'
"xvhdl --incr --relax -prj connect_UART_TX_vhdl.prj"
INFO: [USF-XSim-69] 'compile' step finished in '2' seconds
INFO: [USF-XSim-3] XSim::Elaborate design
INFO: [USF-XSim-61] Executing 'ELABORATE' step in 'D:/Vivado/_Bai_tap/CSTT/UART_TX_rut_gon_2020_2/UART_TX_rut_gon_2020_2.sim/sim_1/behav/xsim'
"xelab -wto f36304528f404e49ba247e1251dd6cca --incr --debug typical --relax --mt 2 -L xil_defaultlib -L secureip -L xpm --snapshot connect_UART_TX_behav xil_defaultlib.connect_UART_TX -log elaborate.log"
Vivado Simulator 2020.2
Copyright 1986-1999, 2001-2020 Xilinx, Inc. All Rights Reserved.
Running: C:/Xilinx/Vivado/2020.2/bin/unwrapped/win64.o/xelab.exe -wto f36304528f404e49ba247e1251dd6cca --incr --debug typical --relax --mt 2 -L xil_defaultlib -L secureip -L xpm --snapshot connect_UART_TX_behav xil_defaultlib.connect_UART_TX -log elaborate.log 
Using 2 slave threads.
Starting static elaboration
Completed static elaboration
INFO: [XSIM 43-4323] No Change in HDL. Linking previously generated obj files to create kernel
INFO: [USF-XSim-69] 'elaborate' step finished in '2' seconds
INFO: [USF-XSim-4] XSim::Simulate design
INFO: [USF-XSim-61] Executing 'SIMULATE' step in 'D:/Vivado/_Bai_tap/CSTT/UART_TX_rut_gon_2020_2/UART_TX_rut_gon_2020_2.sim/sim_1/behav/xsim'
INFO: [USF-XSim-98] *** Running xsim
   with args "connect_UART_TX_behav -key {Behavioral:sim_1:Functional:connect_UART_TX} -tclbatch {connect_UART_TX.tcl} -protoinst "protoinst_files/design_1.protoinst" -log {simulate.log}"
INFO: [USF-XSim-8] Loading simulator feature
Vivado Simulator 2020.2
INFO: [Wavedata 42-565] Reading protoinst file protoinst_files/design_1.protoinst
WARNING: [Wavedata 42-558] Couldn't load one or more protocol instances from protoinst file protoinst_files/design_1.protoinst for the following reason(s):
There are no instances of module "design_1" in the design.

Time resolution is 1 ps
source connect_UART_TX.tcl
# set curr_wave [current_wave_config]
# if { [string length $curr_wave] == 0 } {
#   if { [llength [get_objects]] > 0} {
#     add_wave /
#     set_property needs_save false [current_wave_config]
#   } else {
#      send_msg_id Add_Wave-1 WARNING "No top level signals found. Simulator will start without a wave window. If you want to open a wave window go to 'File->New Waveform Configuration' or type 'create_wave_config' in the TCL console."
#   }
# }
# run 1000ns
xsim: Time (s): cpu = 00:00:04 ; elapsed = 00:00:05 . Memory (MB): peak = 2315.508 ; gain = 8.457
INFO: [USF-XSim-96] XSim completed. Design snapshot 'connect_UART_TX_behav' loaded.
INFO: [USF-XSim-97] XSim simulation ran for 1000ns
launch_simulation: Time (s): cpu = 00:00:06 ; elapsed = 00:00:10 . Memory (MB): peak = 2315.508 ; gain = 8.457
close_sim
INFO: [Simtcl 6-16] Simulation closed
exit
INFO: [Common 17-206] Exiting Vivado at Fri May 31 17:12:19 2024...
