#-----------------------------------------------------------
# Vivado v2018.3 (64-bit)
# SW Build 2405991 on Thu Dec  6 23:38:27 MST 2018
# IP Build 2404404 on Fri Dec  7 01:43:56 MST 2018
# Start of session at: Fri Apr  4 17:06:07 2025
# Process ID: 9828
# Current directory: D:/_Old files/Vivado/Bao cao/do an 2/async_fifo_2020.2
# Command line: vivado.exe -gui_launcher_event rodinguilauncherevent8996 D:\_Old files\Vivado\Bao cao\do an 2\async_fifo_2020.2\async_fifo_2020.2.xpr
# Log file: D:/_Old files/Vivado/Bao cao/do an 2/async_fifo_2020.2/vivado.log
# Journal file: D:/_Old files/Vivado/Bao cao/do an 2/async_fifo_2020.2\vivado.jou
#-----------------------------------------------------------
start_gui
open_project {D:/_Old files/Vivado/Bao cao/do an 2/async_fifo_2020.2/async_fifo_2020.2.xpr}
INFO: [Project 1-313] Project file moved from 'D:/Vivado/Bao cao/do an 2/async_fifo_2020.2' since last save.
ERROR: [Project 1-208] No val for DA Elab Attr
Scanning sources...
Finished scanning sources
CRITICAL WARNING: [Project 1-192] Failed to load run synth_1. Strategy Vivado Synthesis Defaults (Vivado Synthesis 2020) not recognized by Vivado. 

CRITICAL WARNING: [Project 1-192] Failed to load run impl_1. Strategy Vivado Implementation Defaults (Vivado Implementation 2020) not recognized by Vivado. 

CRITICAL WARNING: [Project 1-532] XML ERROR: Project Option SimulatorInstallDirModelSim has no valid value
CRITICAL WARNING: [Project 1-532] XML ERROR: Project Option SimulatorInstallDirQuesta has no valid value
CRITICAL WARNING: [Project 1-532] XML ERROR: Project Option SimulatorInstallDirIES has no valid value
CRITICAL WARNING: [Project 1-532] XML ERROR: Project Option SimulatorInstallDirXcelium has no valid value
CRITICAL WARNING: [Project 1-532] XML ERROR: Project Option SimulatorInstallDirVCS has no valid value
CRITICAL WARNING: [Project 1-532] XML ERROR: Project Option SimulatorInstallDirRiviera has no valid value
CRITICAL WARNING: [Project 1-532] XML ERROR: Project Option SimulatorInstallDirActiveHdl has no valid value
CRITICAL WARNING: [Project 1-532] XML ERROR: Project Option SimulatorGccInstallDirModelSim has no valid value
CRITICAL WARNING: [Project 1-532] XML ERROR: Project Option SimulatorGccInstallDirQuesta has no valid value
CRITICAL WARNING: [Project 1-532] XML ERROR: Project Option SimulatorGccInstallDirIES has no valid value
CRITICAL WARNING: [Project 1-532] XML ERROR: Project Option SimulatorGccInstallDirXcelium has no valid value
CRITICAL WARNING: [Project 1-532] XML ERROR: Project Option SimulatorGccInstallDirVCS has no valid value
CRITICAL WARNING: [Project 1-532] XML ERROR: Project Option SimulatorGccInstallDirRiviera has no valid value
CRITICAL WARNING: [Project 1-532] XML ERROR: Project Option SimulatorGccInstallDirActiveHdl has no valid value
WARNING: [filemgmt 56-3] Board Part Repository Path: Could not find the directory 'C:/Users/DUC'.
WARNING: [filemgmt 56-2] Board Part Repository Path: Could not find the directory 'D:/_Old files/Vivado/SystemVerilog', nor could it be found using path 'D:/Vivado/SystemVerilog'.
WARNING: [filemgmt 56-2] Board Part Repository Path: Could not find the directory 'D:/_Old files/Vivado/done_systemverilog/FSM_moore_001/ver2018.3/aFIFO/DUNG/AppData/Roaming/Xilinx/Vivado/ver2018.3/2.3_freq_division/ver2018.3/FSM_11011_moore_mealy/DUNG/AppData/Roaming/Xilinx/Vivado/ver2018.3/2.1_count_down/ver2018.3/2.2_gray_counter/DUNG/AppData/Roaming/Xilinx/Vivado/ver2018.3/2.1_count_down/DUNG/AppData/Roaming/Xilinx/Vivado/DUNG/AppData/Roaming/Xilinx/Vivado/DUNG/AppData/Roaming/Xilinx/Vivado/DUNG/AppData/Roaming/Xilinx/Vivado/ver2018.3/2.1_count_down/DUNG/AppData/Roaming/Xilinx/Vivado/DUNG/AppData/Roaming/Xilinx/Vivado/DUNG/AppData/Roaming/Xilinx/Vivado/DUNG/AppData/Roaming/Xilinx/Vivado/2022.2/xhub/board_store/xilinx_board_store', nor could it be found using path 'D:/Vivado/done_systemverilog/FSM_moore_001/ver2018.3/aFIFO/DUNG/AppData/Roaming/Xilinx/Vivado/ver2018.3/2.3_freq_division/ver2018.3/FSM_11011_moore_mealy/DUNG/AppData/Roaming/Xilinx/Vivado/ver2018.3/2.1_count_down/ver2018.3/2.2_gray_counter/DUNG/AppData/Roaming/Xilinx/Vivado/ver2018.3/2.1_count_down/DUNG/AppData/Roaming/Xilinx/Vivado/DUNG/AppData/Roaming/Xilinx/Vivado/DUNG/AppData/Roaming/Xilinx/Vivado/DUNG/AppData/Roaming/Xilinx/Vivado/ver2018.3/2.1_count_down/DUNG/AppData/Roaming/Xilinx/Vivado/DUNG/AppData/Roaming/Xilinx/Vivado/DUNG/AppData/Roaming/Xilinx/Vivado/DUNG/AppData/Roaming/Xilinx/Vivado/2022.2/xhub/board_store/xilinx_board_store'.
CRITICAL WARNING: [Project 1-505] Unrecognized Option Name IPDefaultOutputPath
CRITICAL WARNING: [Project 1-505] Unrecognized Option Name DcpsUptoDate
CRITICAL WARNING: [Board 49-67] The board_part definition was not found for digilentinc.com:arty-a7-35:part0:1.1. This can happen sometimes when you use custom board part. You can resolve this issue by setting 'board.repoPaths' parameter, pointing to the location of custom board files. Valid board_part values can be retrieved with the 'get_board_parts' Tcl command.
WARNING: [BD 41-1663] The design 'design_1.bd' cannot be modified due to following reason(s):
* Project is read-only. Please run 'save_project_as' before making any change to the bd-design. 

WARNING: [Project 1-231] Project 'async_fifo_2020.2.xpr' was created with a future version and may or may not perform reliably with this version of Vivado. It has been opened in read-only mode for the protection of unrecognized data. Use 'File | Save Project As...' if you wish to alter a copy of the project.
INFO: [IP_Flow 19-234] Refreshing IP repositories
INFO: [IP_Flow 19-1704] No user IP repositories specified
INFO: [IP_Flow 19-2313] Loaded Vivado IP repository 'E:/Xilinx/Vivado/2018.3/data/ip'.
open_project: Time (s): cpu = 00:00:22 ; elapsed = 00:00:13 . Memory (MB): peak = 778.840 ; gain = 165.992
ERROR: [Common 17-39] 'open_project' failed due to earlier errors.
update_compile_order -fileset sources_1
open_bd_design {D:/_Old files/Vivado/Bao cao/do an 2/async_fifo_2020.2/async_fifo_2020.2.srcs/sources_1/bd/design_1/design_1.bd}
Successfully read diagram <design_1> from BD file <D:/_Old files/Vivado/Bao cao/do an 2/async_fifo_2020.2/async_fifo_2020.2.srcs/sources_1/bd/design_1/design_1.bd>
open_bd_design: Time (s): cpu = 00:00:14 ; elapsed = 00:00:06 . Memory (MB): peak = 851.531 ; gain = 0.000
exit
INFO: [Common 17-206] Exiting Vivado at Fri Apr  4 17:09:28 2025...
