#-----------------------------------------------------------
# Vivado v2020.2 (64-bit)
# SW Build 3064766 on Wed Nov 18 09:12:45 MST 2020
# IP Build 3064653 on Wed Nov 18 14:17:31 MST 2020
# Start of session at: Fri Dec 15 17:08:46 2023
# Process ID: 4352
# Current directory: D:/Vivado/Bao cao/do an 2/async_fifo_2020.2
# Command line: vivado.exe -gui_launcher_event rodinguilauncherevent22848 D:\Vivado\Bao cao\do an 2\async_fifo_2020.2\async_fifo_2020.2.xpr
# Log file: D:/Vivado/Bao cao/do an 2/async_fifo_2020.2/vivado.log
# Journal file: D:/Vivado/Bao cao/do an 2/async_fifo_2020.2\vivado.jou
#-----------------------------------------------------------
start_gui
open_project {D:/Vivado/Bao cao/do an 2/async_fifo_2020.2/async_fifo_2020.2.xpr}
WARNING: [filemgmt 56-3] Board Part Repository Path: Could not find the directory 'C:/Users/DUC'.
WARNING: [filemgmt 56-3] Board Part Repository Path: Could not find the directory 'D:/Vivado/SystemVerilog'.
WARNING: [filemgmt 56-3] Board Part Repository Path: Could not find the directory 'D:/Vivado/done_systemverilog/FSM_moore_001/ver2018.3/aFIFO/DUNG/AppData/Roaming/Xilinx/Vivado/ver2018.3/2.3_freq_division/ver2018.3/FSM_11011_moore_mealy/DUNG/AppData/Roaming/Xilinx/Vivado/ver2018.3/2.1_count_down/ver2018.3/2.2_gray_counter/DUNG/AppData/Roaming/Xilinx/Vivado/ver2018.3/2.1_count_down/DUNG/AppData/Roaming/Xilinx/Vivado/DUNG/AppData/Roaming/Xilinx/Vivado/DUNG/AppData/Roaming/Xilinx/Vivado/DUNG/AppData/Roaming/Xilinx/Vivado/ver2018.3/2.1_count_down/DUNG/AppData/Roaming/Xilinx/Vivado/DUNG/AppData/Roaming/Xilinx/Vivado/DUNG/AppData/Roaming/Xilinx/Vivado/DUNG/AppData/Roaming/Xilinx/Vivado/2022.2/xhub/board_store/xilinx_board_store'.
Scanning sources...
Finished scanning sources
INFO: [IP_Flow 19-234] Refreshing IP repositories
INFO: [IP_Flow 19-1704] No user IP repositories specified
INFO: [IP_Flow 19-2313] Loaded Vivado IP repository 'C:/Xilinx/Vivado/2020.2/data/ip'.
open_project: Time (s): cpu = 00:00:10 ; elapsed = 00:00:09 . Memory (MB): peak = 1162.676 ; gain = 0.000
update_compile_order -fileset sources_1
open_bd_design {D:/Vivado/Bao cao/do an 2/async_fifo_2020.2/async_fifo_2020.2.srcs/sources_1/bd/design_1/design_1.bd}
Reading block design file <D:/Vivado/Bao cao/do an 2/async_fifo_2020.2/async_fifo_2020.2.srcs/sources_1/bd/design_1/design_1.bd>...
Successfully read diagram <design_1> from block design file <D:/Vivado/Bao cao/do an 2/async_fifo_2020.2/async_fifo_2020.2.srcs/sources_1/bd/design_1/design_1.bd>
open_bd_design: Time (s): cpu = 00:00:10 ; elapsed = 00:00:13 . Memory (MB): peak = 1231.355 ; gain = 68.680
exit
INFO: [Common 17-206] Exiting Vivado at Fri Dec 15 17:09:45 2023...
