
*** Running vivado
    with args -log csv_afifo.vds -m64 -product Vivado -mode batch -messageDb vivado.pb -notrace -source csv_afifo.tcl



****** Vivado v2020.2 (64-bit)
  **** SW Build 3064766 on Wed Nov 18 09:12:45 MST 2020
  **** IP Build 3064653 on Wed Nov 18 14:17:31 MST 2020
    ** Copyright 1986-2020 Xilinx, Inc. All Rights Reserved.

source csv_afifo.tcl -notrace
Command: synth_design -top csv_afifo -part xc7a35ticsg324-1L
Starting synth_design
Attempting to get a license for feature 'Synthesis' and/or device 'xc7a35ti'
INFO: [Common 17-349] Got license for feature 'Synthesis' and/or device 'xc7a35ti'
INFO: [Synth 8-7079] Multithreading enabled for synth_design using a maximum of 2 processes.
INFO: [Synth 8-7078] Launching helper process for spawning children vivado processes
INFO: [Synth 8-7075] Helper process launched with PID 14508
---------------------------------------------------------------------------------
Starting Synthesize : Time (s): cpu = 00:00:03 ; elapsed = 00:00:05 . Memory (MB): peak = 1162.645 ; gain = 0.000
---------------------------------------------------------------------------------
INFO: [Synth 8-6157] synthesizing module 'csv_afifo' [D:/Vivado/Bao cao/do an 2/async_fifo_2020.2/async_fifo_2020.2.srcs/sources_1/new/async_fifo.sv:63]
INFO: [Synth 8-6157] synthesizing module 'dstm' [D:/Vivado/Bao cao/do an 2/async_fifo_2020.2/async_fifo_2020.2.srcs/sources_1/new/async_fifo.sv:5]
	Parameter WIDTH bound to: 32 - type: integer 
INFO: [Synth 8-6155] done synthesizing module 'dstm' (0#1) [D:/Vivado/Bao cao/do an 2/async_fifo_2020.2/async_fifo_2020.2.srcs/sources_1/new/async_fifo.sv:5]
INFO: [Synth 8-6157] synthesizing module 'dstm' [D:/Vivado/Bao cao/do an 2/async_fifo_2020.2/async_fifo_2020.2.srcs/sources_1/new/async_fifo.sv:5]
	Parameter WIDTH bound to: 32 - type: integer 
INFO: [Synth 8-6155] done synthesizing module 'dstm' (0#1) [D:/Vivado/Bao cao/do an 2/async_fifo_2020.2/async_fifo_2020.2.srcs/sources_1/new/async_fifo.sv:5]
INFO: [Synth 8-6157] synthesizing module 'fifo_stalvl' [D:/Vivado/Bao cao/do an 2/async_fifo_2020.2/async_fifo_2020.2.srcs/sources_1/new/async_fifo.sv:27]
INFO: [Synth 8-6155] done synthesizing module 'fifo_stalvl' (0#1) [D:/Vivado/Bao cao/do an 2/async_fifo_2020.2/async_fifo_2020.2.srcs/sources_1/new/async_fifo.sv:27]
INFO: [Synth 8-6157] synthesizing module 'fifo_stalvl' [D:/Vivado/Bao cao/do an 2/async_fifo_2020.2/async_fifo_2020.2.srcs/sources_1/new/async_fifo.sv:27]
INFO: [Synth 8-6155] done synthesizing module 'fifo_stalvl' (0#1) [D:/Vivado/Bao cao/do an 2/async_fifo_2020.2/async_fifo_2020.2.srcs/sources_1/new/async_fifo.sv:27]
INFO: [Synth 8-6157] synthesizing module 'cfg_sta' [D:/Vivado/Bao cao/do an 2/async_fifo_2020.2/async_fifo_2020.2.srcs/sources_1/new/async_fifo.sv:44]
INFO: [Synth 8-6155] done synthesizing module 'cfg_sta' (0#1) [D:/Vivado/Bao cao/do an 2/async_fifo_2020.2/async_fifo_2020.2.srcs/sources_1/new/async_fifo.sv:44]
	Parameter WIDTH bound to: 32 - type: integer 
	Parameter ASIZE bound to: 4 - type: integer 
	Parameter DEPTH bound to: 16 - type: integer 
INFO: [Synth 8-6155] done synthesizing module 'csv_afifo' (1#1) [D:/Vivado/Bao cao/do an 2/async_fifo_2020.2/async_fifo_2020.2.srcs/sources_1/new/async_fifo.sv:63]
---------------------------------------------------------------------------------
Finished Synthesize : Time (s): cpu = 00:00:03 ; elapsed = 00:00:07 . Memory (MB): peak = 1162.645 ; gain = 0.000
---------------------------------------------------------------------------------
---------------------------------------------------------------------------------
Finished Constraint Validation : Time (s): cpu = 00:00:04 ; elapsed = 00:00:08 . Memory (MB): peak = 1162.645 ; gain = 0.000
---------------------------------------------------------------------------------
---------------------------------------------------------------------------------
Start Loading Part and Timing Information
---------------------------------------------------------------------------------
Loading part: xc7a35ticsg324-1L
INFO: [Device 21-403] Loading part xc7a35ticsg324-1L
---------------------------------------------------------------------------------
Finished Loading Part and Timing Information : Time (s): cpu = 00:00:04 ; elapsed = 00:00:08 . Memory (MB): peak = 1162.645 ; gain = 0.000
---------------------------------------------------------------------------------
---------------------------------------------------------------------------------
Finished RTL Optimization Phase 2 : Time (s): cpu = 00:00:04 ; elapsed = 00:00:08 . Memory (MB): peak = 1162.645 ; gain = 0.000
---------------------------------------------------------------------------------
No constraint files found.
---------------------------------------------------------------------------------
Start RTL Component Statistics 
---------------------------------------------------------------------------------
Detailed RTL Component Info : 
+---Adders : 
	   3 Input   32 Bit       Adders := 1     
	   3 Input    6 Bit       Adders := 2     
	   2 Input    5 Bit       Adders := 5     
	   3 Input    5 Bit       Adders := 1     
+---XORs : 
	   2 Input      5 Bit         XORs := 2     
	   2 Input      1 Bit         XORs := 8     
+---Registers : 
	               32 Bit    Registers := 1     
	                5 Bit    Registers := 8     
	                1 Bit    Registers := 4     
+---RAMs : 
	              512 Bit	(16 X 32 bit)          RAMs := 1     
+---Muxes : 
	   2 Input    5 Bit        Muxes := 9     
	   2 Input    1 Bit        Muxes := 2     
---------------------------------------------------------------------------------
Finished RTL Component Statistics 
---------------------------------------------------------------------------------
---------------------------------------------------------------------------------
Start Part Resource Summary
---------------------------------------------------------------------------------
Part Resources:
DSPs: 90 (col length:60)
BRAMs: 100 (col length: RAMB18 60 RAMB36 30)
---------------------------------------------------------------------------------
Finished Part Resource Summary
---------------------------------------------------------------------------------
No constraint files found.
---------------------------------------------------------------------------------
Start Cross Boundary and Area Optimization
---------------------------------------------------------------------------------
---------------------------------------------------------------------------------
Finished Cross Boundary and Area Optimization : Time (s): cpu = 00:00:07 ; elapsed = 00:00:30 . Memory (MB): peak = 1162.645 ; gain = 0.000
---------------------------------------------------------------------------------
---------------------------------------------------------------------------------
Start ROM, RAM, DSP, Shift Register and Retiming Reporting
---------------------------------------------------------------------------------

Distributed RAM: Preliminary Mapping	Report (see note below)
+------------+------------+-----------+----------------------+-------------+
|Module Name | RTL Object | Inference | Size (Depth x Width) | Primitives  | 
+------------+------------+-----------+----------------------+-------------+
|csv_afifo   | MEM_reg    | Implied   | 16 x 32              | RAM32M x 6	 | 
+------------+------------+-----------+----------------------+-------------+

Note: The table above is a preliminary report that shows the Distributed RAMs at the current stage of the synthesis flow. Some Distributed RAMs may be reimplemented as non Distributed RAM primitives later in the synthesis flow. Multiple instantiated RAMs are reported only once.
---------------------------------------------------------------------------------
Finished ROM, RAM, DSP, Shift Register and Retiming Reporting
---------------------------------------------------------------------------------
No constraint files found.
---------------------------------------------------------------------------------
Start Timing Optimization
---------------------------------------------------------------------------------
---------------------------------------------------------------------------------
Finished Timing Optimization : Time (s): cpu = 00:00:08 ; elapsed = 00:00:30 . Memory (MB): peak = 1168.965 ; gain = 6.320
---------------------------------------------------------------------------------
---------------------------------------------------------------------------------
Start ROM, RAM, DSP, Shift Register and Retiming Reporting
---------------------------------------------------------------------------------

Distributed RAM: Final Mapping	Report
+------------+------------+-----------+----------------------+-------------+
|Module Name | RTL Object | Inference | Size (Depth x Width) | Primitives  | 
+------------+------------+-----------+----------------------+-------------+
|csv_afifo   | MEM_reg    | Implied   | 16 x 32              | RAM32M x 6	 | 
+------------+------------+-----------+----------------------+-------------+

---------------------------------------------------------------------------------
Finished ROM, RAM, DSP, Shift Register and Retiming Reporting
---------------------------------------------------------------------------------
---------------------------------------------------------------------------------
Start Technology Mapping
---------------------------------------------------------------------------------
---------------------------------------------------------------------------------
Finished Technology Mapping : Time (s): cpu = 00:00:08 ; elapsed = 00:00:30 . Memory (MB): peak = 1169.152 ; gain = 6.508
---------------------------------------------------------------------------------
---------------------------------------------------------------------------------
Start IO Insertion
---------------------------------------------------------------------------------
---------------------------------------------------------------------------------
Start Flattening Before IO Insertion
---------------------------------------------------------------------------------
---------------------------------------------------------------------------------
Finished Flattening Before IO Insertion
---------------------------------------------------------------------------------
---------------------------------------------------------------------------------
Start Final Netlist Cleanup
---------------------------------------------------------------------------------
---------------------------------------------------------------------------------
Finished Final Netlist Cleanup
---------------------------------------------------------------------------------
---------------------------------------------------------------------------------
Finished IO Insertion : Time (s): cpu = 00:00:11 ; elapsed = 00:00:35 . Memory (MB): peak = 1169.152 ; gain = 6.508
---------------------------------------------------------------------------------
---------------------------------------------------------------------------------
Start Renaming Generated Instances
---------------------------------------------------------------------------------
---------------------------------------------------------------------------------
Finished Renaming Generated Instances : Time (s): cpu = 00:00:11 ; elapsed = 00:00:35 . Memory (MB): peak = 1169.152 ; gain = 6.508
---------------------------------------------------------------------------------
---------------------------------------------------------------------------------
Start Rebuilding User Hierarchy
---------------------------------------------------------------------------------
---------------------------------------------------------------------------------
Finished Rebuilding User Hierarchy : Time (s): cpu = 00:00:11 ; elapsed = 00:00:35 . Memory (MB): peak = 1169.152 ; gain = 6.508
---------------------------------------------------------------------------------
---------------------------------------------------------------------------------
Start Renaming Generated Ports
---------------------------------------------------------------------------------
---------------------------------------------------------------------------------
Finished Renaming Generated Ports : Time (s): cpu = 00:00:11 ; elapsed = 00:00:35 . Memory (MB): peak = 1169.152 ; gain = 6.508
---------------------------------------------------------------------------------
---------------------------------------------------------------------------------
Start Handling Custom Attributes
---------------------------------------------------------------------------------
---------------------------------------------------------------------------------
Finished Handling Custom Attributes : Time (s): cpu = 00:00:11 ; elapsed = 00:00:35 . Memory (MB): peak = 1169.152 ; gain = 6.508
---------------------------------------------------------------------------------
---------------------------------------------------------------------------------
Start Renaming Generated Nets
---------------------------------------------------------------------------------
---------------------------------------------------------------------------------
Finished Renaming Generated Nets : Time (s): cpu = 00:00:11 ; elapsed = 00:00:35 . Memory (MB): peak = 1169.152 ; gain = 6.508
---------------------------------------------------------------------------------
---------------------------------------------------------------------------------
Start Writing Synthesis Report
---------------------------------------------------------------------------------

Report BlackBoxes: 
+-+--------------+----------+
| |BlackBox name |Instances |
+-+--------------+----------+
+-+--------------+----------+

Report Cell Usage: 
+------+-------+------+
|      |Cell   |Count |
+------+-------+------+
|1     |BUFG   |     2|
|2     |CARRY4 |     4|
|3     |LUT1   |    15|
|4     |LUT2   |    34|
|5     |LUT3   |     8|
|6     |LUT4   |     8|
|7     |LUT5   |    27|
|8     |LUT6   |    29|
|9     |RAM32M |     6|
|10    |FDCE   |    40|
|11    |FDPE   |     2|
|12    |FDRE   |    32|
|13    |IBUF   |    45|
|14    |OBUF   |    50|
+------+-------+------+

Report Instance Areas: 
+------+---------+-------+------+
|      |Instance |Module |Cells |
+------+---------+-------+------+
|1     |top      |       |   302|
+------+---------+-------+------+
---------------------------------------------------------------------------------
Finished Writing Synthesis Report : Time (s): cpu = 00:00:11 ; elapsed = 00:00:35 . Memory (MB): peak = 1169.152 ; gain = 6.508
---------------------------------------------------------------------------------
Synthesis finished with 0 errors, 0 critical warnings and 0 warnings.
Synthesis Optimization Runtime : Time (s): cpu = 00:00:11 ; elapsed = 00:00:35 . Memory (MB): peak = 1169.152 ; gain = 6.508
Synthesis Optimization Complete : Time (s): cpu = 00:00:11 ; elapsed = 00:00:35 . Memory (MB): peak = 1169.152 ; gain = 6.508
INFO: [Project 1-571] Translating synthesized netlist
Netlist sorting complete. Time (s): cpu = 00:00:00 ; elapsed = 00:00:00.005 . Memory (MB): peak = 1181.113 ; gain = 0.000
INFO: [Netlist 29-17] Analyzing 10 Unisim elements for replacement
INFO: [Netlist 29-28] Unisim Transformation completed in 0 CPU seconds
INFO: [Project 1-570] Preparing netlist for logic optimization
INFO: [Opt 31-138] Pushed 0 inverter(s) to 0 load pin(s).
Netlist sorting complete. Time (s): cpu = 00:00:00 ; elapsed = 00:00:00 . Memory (MB): peak = 1271.293 ; gain = 0.000
INFO: [Project 1-111] Unisim Transformation Summary:
  A total of 6 instances were transformed.
  RAM32M => RAM32M (RAMD32(x6), RAMS32(x2)): 6 instances

INFO: [Common 17-83] Releasing license: Synthesis
24 Infos, 0 Warnings, 0 Critical Warnings and 0 Errors encountered.
synth_design completed successfully
synth_design: Time (s): cpu = 00:00:14 ; elapsed = 00:00:42 . Memory (MB): peak = 1271.293 ; gain = 108.648
INFO: [Common 17-1381] The checkpoint 'D:/Vivado/Bao cao/do an 2/async_fifo_2020.2/async_fifo_2020.2.runs/synth_1/csv_afifo.dcp' has been generated.
INFO: [runtcl-4] Executing : report_utilization -file csv_afifo_utilization_synth.rpt -pb csv_afifo_utilization_synth.pb
INFO: [Common 17-206] Exiting Vivado at Fri Dec  8 14:39:04 2023...
